This is LuaTeX, Version beta-0.76.0-2013070111 (rev 4627)  (format=lualatex 2014.2.8)  23 SEP 2014 20:06
 restricted \write18 enabled.
**re_constitues_eos-main.tex
(./re_constitues_eos-main.tex
LaTeX2e <2011/06/27>
Babel <3.9f> and hyphenation patterns for 2 languages loaded.
(/usr/share/texlive/texmf-dist/tex/latex/base/article.cls
Document Class: article 2007/10/19 v1.4h Standard LaTeX document class
(/usr/share/texlive/texmf-dist/tex/latex/base/size10.clo
File: size10.clo 2007/10/19 v1.4h Standard LaTeX file (size option)
)
\c@part=\count79
\c@section=\count80
\c@subsection=\count81
\c@subsubsection=\count82
\c@paragraph=\count83
\c@subparagraph=\count84
\c@figure=\count85
\c@table=\count86
\abovecaptionskip=\skip41
\belowcaptionskip=\skip42
\bibindent=\dimen102
)
(/usr/share/texlive/texmf-dist/tex/latex/preprint/fullpage.sty
Package: fullpage 1999/02/23 1.1 (PWD)
\FP@margin=\skip43
)
(/usr/share/texlive/texmf-dist/tex/latex/base/fontenc.sty
Package: fontenc 2005/09/27 v1.99g Standard LaTeX package

(/usr/share/texlive/texmf-dist/tex/latex/base/t1enc.def
File: t1enc.def 2005/09/27 v1.99g Standard LaTeX file
LaTeX Font Info:    Redeclaring font encoding T1 on input line 43.
))
(/usr/share/texlive/texmf-dist/tex/lualatex/luainputenc/luainputenc.sty
Package: luainputenc 2010/11/19 v0.973 inputenc package for LuaTeX

(/usr/share/texlive/texmf-dist/tex/generic/oberdiek/ifluatex.sty
Package: ifluatex 2010/03/01 v1.3 Provides the ifluatex switch (HO)
Package ifluatex Info: LuaTeX detected.
)
(/usr/share/texlive/texmf-dist/tex/generic/ifxetex/ifxetex.sty
Package: ifxetex 2010/09/12 v0.6 Provides ifxetex conditional
)
(/usr/share/texlive/texmf-dist/tex/luatex/luatexbase/luatexbase.sty
Package: luatexbase 2013/05/11 v0.6 Resource management for the LuaTeX macro pro
grammer

(/usr/share/texlive/texmf-dist/tex/generic/oberdiek/luatex.sty
Package: luatex 2010/03/09 v0.4 LuaTeX basic definition package (HO)

(/usr/share/texlive/texmf-dist/tex/generic/oberdiek/infwarerr.sty
Package: infwarerr 2010/04/08 v1.3 Providing info/warning/error messages (HO)
)
(/usr/share/texlive/texmf-dist/tex/latex/etex-pkg/etex.sty
Package: etex 1998/03/26 v2.0 eTeX basic definition package (PEB)
\et@xins=\count87
)
\LuT@AllocAttribute=\count277
\LuT@AllocCatcodeTable=\count278
\CatcodeTableStack=\count279
\CatcodeTableIniTeX=\catcodetable1
\CatcodeTableString=\catcodetable3
\CatcodeTableOther=\catcodetable5
\CatcodeTableLaTeX=\catcodetable7

(/usr/share/texlive/texmf-dist/tex/generic/oberdiek/luatex-loader.sty
Package: luatex-loader 2010/03/09 v0.4 Lua module loader (HO)

(/usr/share/texlive/texmf-dist/scripts/oberdiek/oberdiek.luatex.lua)))
(/usr/share/texlive/texmf-dist/tex/luatex/luatexbase/luatexbase-compat.sty
Package: luatexbase-compat 2011/05/24 v0.4 Compatibility tools for LuaTeX
)
(/usr/share/texlive/texmf-dist/tex/luatex/luatexbase/luatexbase-modutils.sty
Package: luatexbase-modutils 2013/05/11 v0.6 Module utilities for LuaTeX

(/usr/share/texlive/texmf-dist/tex/luatex/luatexbase/luatexbase-loader.sty
Package: luatexbase-loader 2013/05/11 v0.6 Lua module loader for LuaTeX

(/usr/share/texlive/texmf-dist/tex/luatex/luatexbase/luatexbase.loader.lua))
(/usr/share/texlive/texmf-dist/tex/luatex/luatexbase/modutils.lua)
Lua module: luatexbase-modutils 2013/05/11 0.6 Module utilities for LuaTeX
)
(/usr/share/texlive/texmf-dist/tex/luatex/luatexbase/luatexbase-regs.sty
Package: luatexbase-regs 2011/05/24 v0.4 Registers allocation for LuaTeX
)
(/usr/share/texlive/texmf-dist/tex/luatex/luatexbase/luatexbase-attr.sty
Package: luatexbase-attr 2013/05/11 v0.6 Attributes allocation for LuaTeX

(/usr/share/texlive/texmf-dist/tex/luatex/luatexbase/attr.lua)
Lua module: luatexbase-attr 2013/05/11 0.6 Attributes allocation for LuaTeX
\lltxb@attr@unsetvalue=\count280
)
(/usr/share/texlive/texmf-dist/tex/luatex/luatexbase/luatexbase-cctb.sty
Package: luatexbase-cctb 2013/05/11 v0.6 Catcodetable allocation for LuaTeX

(/usr/share/texlive/texmf-dist/tex/luatex/luatexbase/cctb.lua)
Lua module: luatexbase-cctb 2013/05/11 0.6 Catcodetable allocation for LuaTeX
\lltxb@catcodetable@alloc=\count281
\CatcodeTableStack=\count282
\CatcodeTableIniTeX=\luatexcatcodetable1
\CatcodeTableString=\luatexcatcodetable3
\CatcodeTableOther=\luatexcatcodetable5
\CatcodeTableLaTeX=\luatexcatcodetable7
\CatcodeTableLaTeXAtLetter=\luatexcatcodetable9
\CatcodeTableExpl=\luatexcatcodetable11
)
(/usr/share/texlive/texmf-dist/tex/luatex/luatexbase/luatexbase-mcb.sty
Package: luatexbase-mcb 2013/05/11 v0.6 Callback management for LuaTeX

(/usr/share/texlive/texmf-dist/tex/luatex/luatexbase/mcb.lua)
Lua module: luatexbase-mcb 2013/05/11 0.6 register several functions in a callba
ck
))
(/usr/share/texlive/texmf-dist/tex/lualatex/luainputenc/luainputenc.lua)
Lua module: luainputenc 2010/05/10 0.97 Lua simple inputenc package.
\inpenc@prehook=\toks14
\inpenc@posthook=\toks15

(/usr/share/texlive/texmf-dist/tex/lualatex/luainputenc/lutf8.def
File: lutf8.def 2010/05/10 v0.97 UTF-8 support for luainputenc
Now handling font encoding OML ...
... no UTF-8 mapping file for font encoding OML
Now handling font encoding T1 ...
... processing UTF-8 mapping file for font encodingT1

(/usr/share/texlive/texmf-dist/tex/latex/base/t1enc.dfu
File: t1enc.dfu 2008/04/05 v1.1m UTF-8 support for inputenc
)
Now handling font encoding OT1 ...
... processing UTF-8 mapping file for font encodingOT1

(/usr/share/texlive/texmf-dist/tex/latex/base/ot1enc.dfu
File: ot1enc.dfu 2008/04/05 v1.1m UTF-8 support for inputenc
)
Now handling font encoding OMS ...
... processing UTF-8 mapping file for font encodingOMS

(/usr/share/texlive/texmf-dist/tex/latex/base/omsenc.dfu
File: omsenc.dfu 2008/04/05 v1.1m UTF-8 support for inputenc
)
Now handling font encoding OMX ...
... no UTF-8 mapping file for font encoding OMX
Now handling font encoding U ...
... no UTF-8 mapping file for font encoding U
))
(/usr/share/texlive/texmf-dist/tex/latex/psnfss/palatino.sty
Package: palatino 2005/04/12 PSNFSS-v9.2a (SPQR) 
)
(/usr/share/texmf/tex/luatex/gregoriotex/gregoriotex.sty
Package: gregoriotex 2010/09/27 v2.1 GregorioTeX system.

(/usr/share/texmf/tex/latex/xcolor/xcolor.sty
Package: xcolor 2007/01/21 v2.11 LaTeX color extensions (UK)

(/usr/share/texlive/texmf-dist/tex/latex/latexconfig/color.cfg
File: color.cfg 2007/01/18 v1.5 color configuration of teTeX/TeXLive
)
Package xcolor Info: Driver file: pdftex.def on input line 225.

(/usr/share/texlive/texmf-dist/tex/latex/pdftex-def/pdftex.def
File: pdftex.def 2011/05/27 v0.06d Graphics/color for pdfTeX

(/usr/share/texlive/texmf-dist/tex/generic/oberdiek/ltxcmds.sty
Package: ltxcmds 2011/11/09 v1.22 LaTeX kernel commands for general use (HO)
)
(/usr/share/texlive/texmf-dist/tex/generic/oberdiek/pdftexcmds.sty
Package: pdftexcmds 2011/11/29 v0.20 Utility functions of pdfTeX for LuaTeX (HO)


(/usr/share/texlive/texmf-dist/tex/generic/oberdiek/ifpdf.sty
Package: ifpdf 2011/01/30 v2.3 Provides the ifpdf switch (HO)
Package ifpdf Info: pdfTeX in PDF mode is detected.
)
Package pdftexcmds Info: \pdf@primitive is available.
Package pdftexcmds Info: \pdf@ifprimitive is available.
Package pdftexcmds Info: \pdfdraftmode found.

(/usr/share/texlive/texmf-dist/scripts/oberdiek/pdftexcmds.lua)
\pdftexcmds@toks=\toks16
)
\Gread@gobject=\count283
)
Package xcolor Info: Model `cmy' substituted by `cmy0' on input line 1337.
Package xcolor Info: Model `hsb' substituted by `rgb' on input line 1341.
Package xcolor Info: Model `RGB' extended on input line 1353.
Package xcolor Info: Model `HTML' substituted by `rgb' on input line 1355.
Package xcolor Info: Model `Hsb' substituted by `hsb' on input line 1356.
Package xcolor Info: Model `tHsb' substituted by `hsb' on input line 1357.
Package xcolor Info: Model `HSB' substituted by `hsb' on input line 1358.
Package xcolor Info: Model `Gray' substituted by `gray' on input line 1359.
Package xcolor Info: Model `wave' substituted by `hsb' on input line 1360.
)
(/usr/share/texmf/tex/luatex/gregoriotex/gregoriotex.tex
(/usr/share/texlive/texmf-dist/tex/latex/graphics/graphicx.sty
Package: graphicx 1999/02/16 v1.0f Enhanced LaTeX Graphics (DPC,SPQR)

(/usr/share/texlive/texmf-dist/tex/latex/graphics/keyval.sty
Package: keyval 1999/03/16 v1.13 key=value parser (DPC)
\KV@toks@=\toks17
)
(/usr/share/texlive/texmf-dist/tex/latex/graphics/graphics.sty
Package: graphics 2009/02/05 v1.0o Standard LaTeX Graphics (DPC,SPQR)

(/usr/share/texlive/texmf-dist/tex/latex/graphics/trig.sty
Package: trig 1999/03/16 v1.09 sin cos tan (DPC)
)
(/usr/share/texlive/texmf-dist/tex/latex/latexconfig/graphics.cfg
File: graphics.cfg 2010/04/23 v1.9 graphics configuration of TeX Live
)
Package graphics Info: Driver file: pdftex.def on input line 91.
)
\Gin@req@height=\dimen256
\Gin@req@width=\dimen257
)
(/usr/share/texlive/texmf-dist/tex/luatex/luaotfload/luaotfload.sty
Package: luaotfload 2013/07/10 v2.3a OpenType layout system

(/usr/share/texlive/texmf-dist/tex/luatex/luaotfload/luaotfload.lua)
Lua module: luaotfload 2013/07/10 2.3001 OpenType layout system.
luaotfload: push namespace for font loader
(/usr/share/texlive/texmf-dist/tex/luatex/luaotfload/luaotfload-merged.lua)(usin
g write cache: /home/ahinkley/.texmf-var/luatex-cache/generic)(using read cache:
 /var/lib/texmf/luatex-cache/generic /home/ahinkley/.texmf-var/luatex-cache/gene
ric)
luatexbase-attr: luatexbase.attributes["luaotfload@kernpair"] = 1
luatexbase-attr: luatexbase.attributes["luaotfload@ligacomp"] = 2
luatexbase-attr: luatexbase.attributes["luaotfload@markbase"] = 3
luatexbase-attr: luatexbase.attributes["luaotfload@markmark"] = 4
luatexbase-attr: luatexbase.attributes["luaotfload@markdone"] = 5
luatexbase-attr: luatexbase.attributes["luaotfload@cursbase"] = 6
luatexbase-attr: luatexbase.attributes["luaotfload@curscurs"] = 7
luatexbase-attr: luatexbase.attributes["luaotfload@cursdone"] = 8
luatexbase-attr: luatexbase.attributes["luaotfload@state"] = 9
luaotfload: “I am using the merged version of 'luaotfload.lua' here. If
luaotfload:  you run into problems or experience unexpected behaviour,
luaotfload:  and if you have ConTeXt installed you can try to delete the
luaotfload:  file 'luaotfload-font-merged.lua' as I might then use the
luaotfload:  possibly updated libraries. The merged version is not
luaotfload:  supported as it is a frozen instance. Problems can be
luaotfload:  reported to the ConTeXt mailing list.”
luaotfload: pop namespace from font loader -- non-destructive
luaotfload: fontloader loaded in 0.073 seconds
luatexbase-mcb: inserting 'luaotfload.node_processor'
at position 1 in 'pre_linebreak_filter'
luatexbase-mcb: inserting 'luaotfload.node_processor'
at position 1 in 'hpack_filter'
luatexbase-mcb: inserting 'luaotfload.find_vf_file'
at position 1 in 'find_vf_file'
(/usr/share/texlive/texmf-dist/tex/luatex/luaotfload/luaotfload-override.lua)
(/usr/share/texlive/texmf-dist/tex/luatex/luaotfload/luaotfload-loaders.lua)
(/usr/share/texlive/texmf-dist/tex/luatex/luaotfload/luaotfload-database.lua)
luaotfload | db : root cache directory is /home/ahinkley/.texmf-var/luatex-cache
/generic/names/
(/usr/share/texlive/texmf-dist/tex/luatex/luaotfload/luaotfload-colors.lua)
luatexbase-mcb: creating 'luaotfload.resolve_font' type 4
luatexbase-mcb: creating 'luaotfload.patch_font' type 4
luatexbase-mcb: resetting callback 'define_font'
luatexbase-mcb: inserting 'luaotfload.define_font'
at position 1 in 'define_font'
(/usr/share/texlive/texmf-dist/tex/luatex/luaotfload/luaotfload-features.lua)
(/usr/share/texlive/texmf-dist/tex/luatex/luaotfload/luaotfload-extralibs.lua)
(/usr/share/texlive/texmf-dist/tex/luatex/luaotfload/luaotfload-typo-krn.lua)
luatexbase-attr: luatexbase.attributes["luaotfload@kern"] = 12
luatexbase-attr: luatexbase.attributes["luaotfload@fontkern"] = 13
(/usr/share/texlive/texmf-dist/tex/luatex/luaotfload/luaotfload-letterspace.lua)
(/usr/share/texlive/texmf-dist/tex/luatex/luaotfload/luaotfload-auxiliary.lua)
luatexbase-mcb: inserting 'luaotfload.rewrite_fontname'
at position 1 in 'luaotfload.patch_font'
luatexbase-mcb: inserting 'luaotfload.aux.set_sscale_dimens'
at position 2 in 'luaotfload.patch_font'
luatexbase-mcb: inserting 'luaotfload.aux.patch_cambria_domh'
at position 3 in 'luaotfload.patch_font'
luatexbase-mcb: inserting 'luaotfload.aux.set_capheight'
at position 4 in 'luaotfload.patch_font')
\gregorioattr=\luatexattribute14
\gregoriocenterattr=\luatexattribute15
(/usr/share/texmf/tex/luatex/gregoriotex/gregoriotex.lua)
Lua module: gregoriotex 2013/12/29 2.4 GregorioTeX module.
\Greaux=\write3
\grefactor=\count284

(/usr/share/texmf/tex/luatex/gregoriotex/gregoriotex-spaces.tex
\greadditionallineswidth=\skip256
\grezerowidthspace=\skip257
\greinterglyphspace=\skip258
\grealterationspace=\skip259
\grebeforechoralsignspace=\skip260
\greclefflatspace=\skip261
\grebeforealterationspace=\skip262
\greinterelementspace=\skip263
\grelargerspace=\skip264
\greglyphspace=\skip265
\greintersyllablespace=\skip266
\grespacebeforecusto=\skip267
\grespacebeforesigns=\skip268
\grespaceaftersigns=\skip269
\grespaceafterlineclef=\skip270
\greinterwordspacenotes=\skip271
\greinterwordspacenotestext=\skip272
\greinterwordspacetextnotes=\skip273
\greinterwordspacetext=\skip274
\grebitrivirspace=\skip275
\grebitristrospace=\skip276
\grepunctuminclinatumshift=\skip277
\grebeforepunctainclinatashift=\skip278
\grepunctuminclinatumanddebilisshift=\skip279
\grepunctuminclinatumdebilisshift=\skip280
\grepunctuminclinatumbigshift=\skip281
\grepunctuminclinatummaxshift=\skip282
\grespacearoundsmallbar=\skip283
\grespacearoundminor=\skip284
\grespacearoundmaior=\skip285
\grespacearoundfinalis=\skip286
\grespacebeforefinalfinalis=\skip287
\grespacearoundclefbars=\skip288
\gretextbartextspace=\skip289
\grenotebarspace=\skip290
\gremaximumspacewithoutdash=\dimen258
\greafterclefnospace=\skip291
\greadditionallineswidth=\dimen259
\greafterinitialshift=\skip292
\grebeforeinitialshift=\skip293
\greminimalspaceatlinebeginning=\dimen260
\greaboveinitialseparation=\dimen261
\grestafflineheight=\dimen262
\greinterstafflinespace=\dimen263
\grestafflinediff=\dimen264
\greabovesignsspace=\dimen265
\grebelowsignsspace=\dimen266
\grelowchoralsignshift=\dimen267
\grehighchoralsignshift=\dimen268
\gretranslationheight=\dimen269
\grespaceabovelines=\skip294
\greabovelinestextraise=\dimen270
\greabovelinestextheight=\dimen271
\grespacelinestext=\skip295
\grespacebeneathtext=\skip296
\greconstantglyphraise=\dimen272
\grestaffheight=\dimen273
\greclefchangespace=\skip297
\grenoclefspace=\dimen274
\grebraceshift=\skip298
\grecurlybraceaccentusshift=\skip299

(/usr/share/texmf/tex/luatex/gregoriotex/gsp-default.tex))
\grestafflinewidth=\dimen275
\grelinewidth=\dimen276
\grecurrenttranslationheight=\dimen277
\greadditionalbottomspace=\dimen278
\greadditionaltopspace=\dimen279
\gretextlower=\dimen280
\GreTempwidth=\box256
\gretempwidth=\dimen281
\gretextaligncenter=\dimen282
\greadditionalleftspace=\dimen283
\GreInitial=\box257
\greinitialwidth=\dimen284
\grebiginitial=\count285
\greknownline=\count286
\GreAboveinitialfirstbox=\box258
\greaboveinitialfirstraise=\dimen285
\GreAboveinitialsecondbox=\box259
\greaboveinitialsecondraise=\dimen286
\grecurrentabovelinestextheight=\dimen287
\GreLines=\box260

(/usr/share/texmf/tex/luatex/gregoriotex/gregoriotex-signs.tex
(/usr/share/texmf/tex/luatex/gregoriotex/gregoriotex-chars.tex)
\greclefnum=\count287
\greclefwidth=\dimen288
\GreTempsign=\box261
\gretempdimsignwidth=\dimen289
\gretempdimtwo=\dimen290
\keeprightbox=\count288
\grefirstisalteration=\count289
)
(/usr/share/texmf/tex/luatex/gregoriotex/gregoriotex-syllable.tex
\greglyphraisevalue=\dimen291
\greaddedraisevalue=\dimen292
\gretempdimcount=\count290
\greisonaline=\count291
\grefirstglyph=\count292
\grelastglyphwidth=\dimen293
\grenotesaligncenter=\dimen294
\GreSyllablenotes=\box262
\greenddifference=\dimen295
\grepreviousenddifference=\dimen296
\grebegindifference=\dimen297
\gretempdim=\dimen298
\GreSyllabletext=\box263
\grefirstsyllableofword=\count293
\greendofscore=\count294
\greskipone=\skip300
\grenextbegindifference=\skip301
\gretempdimskip=\skip302
)
\printchirovbars=\count295
\grelastoflinecount=\count296
\greblockcusto=\count297

(/usr/share/texmf/tex/luatex/gregoriotex/gregoriotex-symbols.tex
\gretempfactor=\count298
luaotfload | load : auto-selecting default features for script: dflt
luaotfload | resolve : Font family='gresym', subfamily='regular' found: gresym.t
tf(load luc: /home/ahinkley/.texmf-var/luatex-cache/generic/fonts/otf/gresym.luc
))))
(/usr/share/texlive/texmf-dist/tex/latex/base/ifthen.sty
Package: ifthen 2001/05/26 v1.1c Standard LaTeX ifthen package (DPC)
)
(/usr/share/texlive/texmf-dist/tex/latex/geometry/geometry.sty
Package: geometry 2010/09/12 v5.6 Page Geometry

(/usr/share/texlive/texmf-dist/tex/generic/oberdiek/ifvtex.sty
Package: ifvtex 2010/03/01 v1.5 Detect VTeX and its facilities (HO)
Package ifvtex Info: VTeX not detected.
)
\Gm@cnth=\count299
\Gm@cntv=\count300
\c@Gm@tempcnt=\count301
\Gm@bindingoffset=\dimen299
\Gm@wd@mp=\dimen300
\Gm@odd@mp=\dimen301
\Gm@even@mp=\dimen302
\Gm@layoutwidth=\dimen303
\Gm@layoutheight=\dimen304
\Gm@layouthoffset=\dimen305
\Gm@layoutvoffset=\dimen306
\Gm@dimlist=\toks18
)
No file re_constitues_eos-main.aux.
LaTeX Font Info:    Checking defaults for OML/cmm/m/it on input line 12.
LaTeX Font Info:    ... okay on input line 12.
LaTeX Font Info:    Checking defaults for T1/cmr/m/n on input line 12.
LaTeX Font Info:    ... okay on input line 12.
LaTeX Font Info:    Checking defaults for OT1/cmr/m/n on input line 12.
LaTeX Font Info:    ... okay on input line 12.
LaTeX Font Info:    Checking defaults for OMS/cmsy/m/n on input line 12.
LaTeX Font Info:    ... okay on input line 12.
LaTeX Font Info:    Checking defaults for OMX/cmex/m/n on input line 12.
LaTeX Font Info:    ... okay on input line 12.
LaTeX Font Info:    Checking defaults for U/cmr/m/n on input line 12.
LaTeX Font Info:    ... okay on input line 12.
LaTeX Font Info:    Try loading font information for T1+ppl on input line 12.
(/usr/share/texlive/texmf-dist/tex/latex/psnfss/t1ppl.fd
File: t1ppl.fd 2001/06/04 font definitions for T1/ppl.
)
luaotfload | load : auto-selecting default features for script: dflt
luaotfload: loading virtual font file /usr/share/texlive/texmf-dist/fonts/vf/ado
be/palatino/pplr8t.vf.
checksum mismatch in font pplr8t.vf ignored 
luaotfload | load : auto-selecting default features for script: dflt
(/usr/share/texlive/texmf-dist/tex/context/base/supp-pdf.mkii
[Loading MPS to PDF converter (version 2006.09.02).]
\scratchcounter=\count302
\scratchdimen=\dimen307
\scratchbox=\box264
\nofMPsegments=\count303
\nofMParguments=\count304
\everyMPshowfont=\toks19
\MPscratchCnt=\count305
\MPscratchDim=\dimen308
\MPnumerator=\count306
\makeMPintoPDFobject=\count307
\everyMPtoPDFconversion=\toks20
) (/usr/share/texlive/texmf-dist/tex/latex/oberdiek/epstopdf-base.sty
Package: epstopdf-base 2010/02/09 v2.5 Base part for package epstopdf

(/usr/share/texlive/texmf-dist/tex/latex/oberdiek/grfext.sty
Package: grfext 2010/08/19 v1.1 Manage graphics extensions (HO)

(/usr/share/texlive/texmf-dist/tex/generic/oberdiek/kvdefinekeys.sty
Package: kvdefinekeys 2011/04/07 v1.3 Define keys (HO)
))
(/usr/share/texlive/texmf-dist/tex/latex/oberdiek/kvoptions.sty
Package: kvoptions 2011/06/30 v3.11 Key value format for package options (HO)

(/usr/share/texlive/texmf-dist/tex/generic/oberdiek/kvsetkeys.sty
Package: kvsetkeys 2012/04/25 v1.16 Key value parser (HO)

(/usr/share/texlive/texmf-dist/tex/generic/oberdiek/etexcmds.sty
Package: etexcmds 2011/02/16 v1.5 Avoid name clashes with e-TeX commands (HO)
)))
Package grfext Info: Graphics extension search list:
(grfext)             [.png,.pdf,.jpg,.mps,.jpeg,.jbig2,.jb2,.PNG,.PDF,.JPG,.JPEG
,.JBIG2,.JB2,.eps]
(grfext)             \AppendGraphicsExtensions on input line 452.

(/usr/share/texlive/texmf-dist/tex/latex/latexconfig/epstopdf-sys.cfg
File: epstopdf-sys.cfg 2010/07/13 v1.3 Configuration of (r)epstopdf for TeX Live

))
*geometry* driver: auto-detecting
*geometry* detected driver: pdftex
*geometry* verbose mode - [ preamble ] result:
* driver: pdftex
* paper: custom
* layout: <same size as paper>
* layoutoffset:(h,v)=(0.0pt,0.0pt)
* modes: 
* h-part:(L,W,R)=(54.2025pt, 325.215pt, 54.2025pt)
* v-part:(T,H,B)=(54.2025pt, 542.025pt, 54.2025pt)
* \paperwidth=433.62pt
* \paperheight=650.43pt
* \textwidth=325.215pt
* \textheight=542.025pt
* \oddsidemargin=-18.06749pt
* \evensidemargin=-18.06749pt
* \topmargin=-18.06749pt
* \headheight=0.0pt
* \headsep=0.0pt
* \topskip=10.0pt
* \footskip=30.0pt
* \marginparwidth=65.0pt
* \marginparsep=11.0pt
* \columnsep=10.0pt
* \skip\footins=9.0pt plus 4.0pt minus 2.0pt
* \hoffset=0.0pt
* \voffset=0.0pt
* \mag=1000
* \@twocolumnfalse
* \@twosidefalse
* \@mparswitchfalse
* \@reversemarginfalse
* (1in=72.27pt=25.4mm, 1cm=28.453pt)

luaotfload | load : auto-selecting default features for script: dflt
luaotfload: loading virtual font file /usr/share/texlive/texmf-dist/fonts/vf/ado
be/palatino/pplr8t.vf.
checksum mismatch in font pplr8t.vf ignored 
luaotfload | load : auto-selecting default features for script: dflt
luaotfload | load : auto-selecting default features for script: dflt
luaotfload: loading virtual font file /usr/share/texlive/texmf-dist/fonts/vf/ado
be/palatino/pplrc8t.vf.
luaotfload | load : auto-selecting default features for script: dflt
luaotfload | load : auto-selecting default features for script: dflt
luaotfload | resolve : Font family='greciliae', subfamily='regular' found: greci
liae.ttf(load luc: /home/ahinkley/.texmf-var/luatex-cache/generic/fonts/otf/grec
iliae.luc)
luaotfload | load : auto-selecting default features for script: dflt
luaotfload: loading virtual font file /usr/share/texlive/texmf-dist/fonts/vf/ado
be/palatino/pplr8t.vf.
checksum mismatch in font pplr8t.vf ignored 
luaotfload | load : auto-selecting default features for script: dflt
LaTeX Font Info:    Font shape `T1/ppl/bx/n' in size <9> not available
(Font)              Font shape `T1/ppl/b/n' tried instead on input line 25.
luaotfload | load : auto-selecting default features for script: dflt
luaotfload: loading virtual font file /usr/share/texlive/texmf-dist/fonts/vf/ado
be/palatino/pplb8t.vf.
luaotfload | load : auto-selecting default features for script: dflt
luaotfload | load : auto-selecting default features for script: dflt
luaotfload | load : auto-selecting default features for script: dflt
luaotfload: loading virtual font file /usr/share/texlive/texmf-dist/fonts/vf/ado
be/palatino/pplrc8t.vf.
luaotfload | load : auto-selecting default features for script: dflt
LaTeX Font Info:    Font shape `T1/ppl/bx/sc' in size <9> not available
(Font)              Font shape `T1/ppl/b/sc' tried instead on input line 26.
luaotfload | load : auto-selecting default features for script: dflt
luaotfload: loading virtual font file /usr/share/texlive/texmf-dist/fonts/vf/ado
be/palatino/pplbc8t.vf.
checksum mismatch in font pplbc8t.vf ignored 
luaotfload | load : auto-selecting default features for script: dflt
luaotfload | load : auto-selecting default features for script: dflt
luaotfload | load : auto-selecting default features for script: dflt
luaotfload: loading virtual font file /usr/share/texlive/texmf-dist/fonts/vf/ado
be/palatino/pplri8t.vf.
checksum mismatch in font pplri8t.vf ignored 
luaotfload | load : auto-selecting default features for script: dflt
luaotfload | load : auto-selecting default features for script: dflt
luaotfload | resolve : Font family='greciliae', subfamily='regular' found: greci
liae.ttf (./gsp-smith.tex)
(./re_constitues_eos.tex
luatexbase-mcb: inserting 'gregoriotex.callback'
at position 1 in 'post_linebreak_filter'
luatexbase-mcb: inserting 'gregoriotex.disable_hyphenation'
at position 1 in 'hyphenate'
luaotfload | load : auto-selecting default features for script: dflt
luaotfload: loading virtual font file /usr/share/texlive/texmf-dist/fonts/vf/ado
be/palatino/pplr8t.vf.
checksum mismatch in font pplr8t.vf ignored 
luaotfload | load : auto-selecting default features for script: dflt
Underfull \hbox (badness 2772) in paragraph at lines 4--497
[][][][][][][] [][][][][][][] [][][][][][][][][] [][][] [][][][][] [][][][][][]
[][][] [][] [][] [][][][][][][] [][][] [][][][][][][]
 []

luatexbase-mcb: removing 'gregoriotex.callback'
from 'post_linebreak_filter'
luatexbase-mcb: removing 'gregoriotex.disable_hyphenation'
from 'hyphenate') [1

{/var/lib/texmf/fonts/map/pdftex/updmap/pdftex.map}]
(./re_constitues_eos-main.aux) )

Here is how much of LuaTeX's memory you used:
 4014 strings out of 494830
 100000,154059 words of node,token memory allocated
 51404 words of node memory still in use:
   1745 hlist, 292 vlist, 1167 rule, 2904 glue, 1164 kern, 2 penalty, 579 glyph,
 1188 attribute, 88 glue_spec, 598 attribute_list, 1 write nodes
   avail lists: 2:1391,3:468,4:327,5:540,6:574,7:86,9:365,10:19
 7266 multiletter control sequences out of 65536+600000
 36 fonts using 1753759 bytes
 39i,5n,37p,619b,160s stack positions out of 5000i,500n,10000p,200000b,100000s
</usr/share/texmf/fonts/truetype/public/gregoriotex/gresym.ttf></usr/share/texmf
/fonts/truetype/public/gregoriotex/greciliae.ttf>{/usr/share/texlive/texmf-dist/
fonts/enc/dvips/base/8r.enc}</usr/share/texlive/texmf-dist/fonts/type1/urw/palat
ino/uplb8a.pfb></usr/share/texlive/texmf-dist/fonts/type1/urw/palatino/uplr8a.pf
b>
Output written on re_constitues_eos-main.pdf (1 page, 34776 bytes).

PDF statistics: 31 PDF objects out of 1000 (max. 8388607)
 19 compressed objects within 1 object stream
 0 named destinations out of 1000 (max. 131072)
 1 words of extra memory for PDF output out of 10000 (max. 10000000)

